<?xml version="1.0" encoding="UTF-8"?>
<!-- Generated by org.testng.reporters.JUnitReportReporter -->
<testsuite hostname="LAPTOP-QMK202VJ" name="BaseClass.test" tests="1" failures="0" timestamp="24 May 2021 15:14:48 GMT" time="21.942" errors="0">
  <testcase name="setup" time="21.942" classname="BaseClass.test"/>
</testsuite> <!-- BaseClass.test -->
